0 info it worked if it ends with ok
1 verbose cli [ 'C:\\Program Files (x86)\\nodejs\\node.exe',
1 verbose cli   'C:\\Program Files (x86)\\nodejs\\node_modules\\npm\\bin\\npm-cli.js',
1 verbose cli   'start' ]
2 info using npm@3.10.8
3 info using node@v6.9.1
4 verbose run-script [ 'prestart', 'start', 'poststart' ]
5 info lifecycle sql_challenge@1.0.0~prestart: sql_challenge@1.0.0
6 verbose lifecycle sql_challenge@1.0.0~prestart: unsafe-perm in lifecycle true
7 verbose lifecycle sql_challenge@1.0.0~prestart: PATH: C:\Program Files (x86)\nodejs\node_modules\npm\bin\node-gyp-bin;C:\Users\Rachel Roberts\Documents\GitHub\MyExploringGit\exploring-git\sql-challenge\node_modules\.bin;C:\ProgramData\Oracle\Java\javapath;C:\Program Files (x86)\Lenovo\FusionEngine;C:\Program Files (x86)\Intel\iCLS Client\;C:\Program Files\Intel\iCLS Client\;C:\Program Files (x86)\NVIDIA Corporation\PhysX\Common;C:\windows\system32;C:\windows;C:\windows\System32\Wbem;C:\windows\System32\WindowsPowerShell\v1.0\;C:\Program Files\Intel\Intel(R) Management Engine Components\DAL;C:\Program Files (x86)\Intel\Intel(R) Management Engine Components\DAL;C:\Program Files\Intel\Intel(R) Management Engine Components\IPT;C:\Program Files (x86)\Intel\Intel(R) Management Engine Components\IPT;C:\windows\system32\config\systemprofile\.dnx\bin;C:\Program Files\Microsoft DNX\Dnvm\;C:\Program Files (x86)\Windows Kits\8.1\Windows Performance Toolkit\;C:\Program Files (x86)\File Viewer Lite\lib\magick;C:\Program Files (x86)\Skype\Phone\;C:\Program Files\Java\jdk1.8.0_66\bin;C:\Program Files (x86)\nodejs\;C:\Program Files (x86)\PostgreSQL\9.6\bin;C:\Users\Rachel Roberts\AppData\Local\atom\bin;C:\Users\Rachel Roberts\AppData\Roaming\npm
8 verbose lifecycle sql_challenge@1.0.0~prestart: CWD: C:\Users\Rachel Roberts\Documents\GitHub\MyExploringGit\exploring-git\sql-challenge
9 silly lifecycle sql_challenge@1.0.0~prestart: Args: [ '/d /s /c', 'psql -U postgres -f blog.sql' ]
10 silly lifecycle sql_challenge@1.0.0~prestart: Returned: code: 0  signal: null
11 info lifecycle sql_challenge@1.0.0~start: sql_challenge@1.0.0
12 verbose lifecycle sql_challenge@1.0.0~start: unsafe-perm in lifecycle true
13 verbose lifecycle sql_challenge@1.0.0~start: PATH: C:\Program Files (x86)\nodejs\node_modules\npm\bin\node-gyp-bin;C:\Users\Rachel Roberts\Documents\GitHub\MyExploringGit\exploring-git\sql-challenge\node_modules\.bin;C:\ProgramData\Oracle\Java\javapath;C:\Program Files (x86)\Lenovo\FusionEngine;C:\Program Files (x86)\Intel\iCLS Client\;C:\Program Files\Intel\iCLS Client\;C:\Program Files (x86)\NVIDIA Corporation\PhysX\Common;C:\windows\system32;C:\windows;C:\windows\System32\Wbem;C:\windows\System32\WindowsPowerShell\v1.0\;C:\Program Files\Intel\Intel(R) Management Engine Components\DAL;C:\Program Files (x86)\Intel\Intel(R) Management Engine Components\DAL;C:\Program Files\Intel\Intel(R) Management Engine Components\IPT;C:\Program Files (x86)\Intel\Intel(R) Management Engine Components\IPT;C:\windows\system32\config\systemprofile\.dnx\bin;C:\Program Files\Microsoft DNX\Dnvm\;C:\Program Files (x86)\Windows Kits\8.1\Windows Performance Toolkit\;C:\Program Files (x86)\File Viewer Lite\lib\magick;C:\Program Files (x86)\Skype\Phone\;C:\Program Files\Java\jdk1.8.0_66\bin;C:\Program Files (x86)\nodejs\;C:\Program Files (x86)\PostgreSQL\9.6\bin;C:\Users\Rachel Roberts\AppData\Local\atom\bin;C:\Users\Rachel Roberts\AppData\Roaming\npm
14 verbose lifecycle sql_challenge@1.0.0~start: CWD: C:\Users\Rachel Roberts\Documents\GitHub\MyExploringGit\exploring-git\sql-challenge
15 silly lifecycle sql_challenge@1.0.0~start: Args: [ '/d /s /c', 'nodemon app.js' ]
16 silly lifecycle sql_challenge@1.0.0~start: Returned: code: 3221225786  signal: null
17 info lifecycle sql_challenge@1.0.0~start: Failed to exec start script
18 verbose stack Error: sql_challenge@1.0.0 start: `nodemon app.js`
18 verbose stack Exit status 3221225786
18 verbose stack     at EventEmitter.<anonymous> (C:\Program Files (x86)\nodejs\node_modules\npm\lib\utils\lifecycle.js:255:16)
18 verbose stack     at emitTwo (events.js:106:13)
18 verbose stack     at EventEmitter.emit (events.js:191:7)
18 verbose stack     at ChildProcess.<anonymous> (C:\Program Files (x86)\nodejs\node_modules\npm\lib\utils\spawn.js:40:14)
18 verbose stack     at emitTwo (events.js:106:13)
18 verbose stack     at ChildProcess.emit (events.js:191:7)
18 verbose stack     at maybeClose (internal/child_process.js:877:16)
18 verbose stack     at Process.ChildProcess._handle.onexit (internal/child_process.js:226:5)
19 verbose pkgid sql_challenge@1.0.0
20 verbose cwd C:\Users\Rachel Roberts\Documents\GitHub\MyExploringGit\exploring-git\sql-challenge
21 error Windows_NT 6.3.9600
22 error argv "C:\\Program Files (x86)\\nodejs\\node.exe" "C:\\Program Files (x86)\\nodejs\\node_modules\\npm\\bin\\npm-cli.js" "start"
23 error node v6.9.1
24 error npm  v3.10.8
25 error code ELIFECYCLE
26 error sql_challenge@1.0.0 start: `nodemon app.js`
26 error Exit status 3221225786
27 error Failed at the sql_challenge@1.0.0 start script 'nodemon app.js'.
27 error Make sure you have the latest version of node.js and npm installed.
27 error If you do, this is most likely a problem with the sql_challenge package,
27 error not with npm itself.
27 error Tell the author that this fails on your system:
27 error     nodemon app.js
27 error You can get information on how to open an issue for this project with:
27 error     npm bugs sql_challenge
27 error Or if that isn't available, you can get their info via:
27 error     npm owner ls sql_challenge
27 error There is likely additional logging output above.
28 verbose exit [ 1, true ]
